14.4889 	EXP 	Created window1 = Window(allowGUI=False, allowStencil=False, autoLog=True, bitsMode=UNKNOWN, blendMode='avg', color=array([ 0.,  0.,  0.]), colorSpace='rgb', fullscr=UNKNOWN, gamma=None, lms=UNKNOWN, monitor=<psychopy.monitors.calibTools.Monitor object at 0x09206110>, name='window1', pos=[0, 0], screen=0, size=array([1920, 1080]), stereo=False, units=u'norm', useFBO=True, useRetina=False, viewOri=0.0, viewPos=None, viewScale=None, waitBlanking=True, winType='pyglet')
14.4889 	EXP 	window1: recordFrameIntervals = False
14.6548 	EXP 	window1: recordFrameIntervals = True
14.8383 	EXP 	window1: recordFrameIntervals = False
15.8077 	EXP 	Created text_2 = TextStim(alignHoriz='center', alignVert='center', antialias=True, autoLog=True, bold=False, color='white', colorSpace='named', contrast=1.0, depth=0.0, flipHoriz=False, flipVert=False, font='Arial', fontFiles=[], height=0.1, italic=False, name='text_2', opacity=1.0, ori=0, pos=array([ 0.,  0.]), rgb=array([ 255.,  255.,  255.]), text=unicode(...), units=u'norm', win=Window(...), wrapWidth=1)
15.8742 	EXP 	Created polygon = Polygon(autoDraw=False, autoLog=True, closeShape=True, contrast=1.0, depth=0.0, fillColor=array([ 1.,  1.,  1.]), fillColorSpace='rgb', fillRGB=array([ 1.,  1.,  1.]), interpolate=True, lineColor=array([ 1.,  1.,  1.]), lineColorSpace='rgb', lineRGB=array([ 1.,  1.,  1.]), lineWidth=1, name='polygon', opacity=1.0, ori=array(0.0), pos=array([ 3.,  0.]), size=array([ 1.,  1.]), units='cm', vertices=ndarray(...), win=Window(...))
15.8891 	EXP 	Created polygon_2 = Polygon(autoDraw=False, autoLog=True, closeShape=True, contrast=1.0, depth=-1.0, fillColor=array([ 1.,  1.,  1.]), fillColorSpace='rgb', fillRGB=array([ 1.,  1.,  1.]), interpolate=True, lineColor=array([ 1.,  1.,  1.]), lineColorSpace='rgb', lineRGB=array([ 1.,  1.,  1.]), lineWidth=1, name='polygon_2', opacity=1.0, ori=array(0.0), pos=array([-3.,  0.]), size=array([ 2.5,  2.5]), units='cm', vertices=ndarray(...), win=Window(...))
15.8990 	EXP 	Created polygon_5 = Polygon(autoDraw=False, autoLog=True, closeShape=True, contrast=1.0, depth=-2.0, fillColor=array([ 50.,   1.,   1.]), fillColorSpace='rgb', fillRGB=array([ 50.,   1.,   1.]), interpolate=True, lineColor=array([ 1.,  1.,  1.]), lineColorSpace='rgb', lineRGB=array([ 1.,  1.,  1.]), lineWidth=1, name='polygon_5', opacity=1.0, ori=array(0.0), pos=array([ 0.,  0.]), size=array([ 0.1,  0.1]), units='cm', vertices=ndarray(...), win=Window(...))
15.9089 	EXP 	Created polygon_3 = Polygon(autoDraw=False, autoLog=True, closeShape=True, contrast=1.0, depth=0.0, fillColor=array([ 1.,  1.,  1.]), fillColorSpace='rgb', fillRGB=array([ 1.,  1.,  1.]), interpolate=True, lineColor=array([ 1.,  1.,  1.]), lineColorSpace='rgb', lineRGB=array([ 1.,  1.,  1.]), lineWidth=1, name='polygon_3', opacity=1.0, ori=array(0.0), pos=array([ 3.,  0.]), size=array([ 2.5,  2.5]), units='cm', vertices=ndarray(...), win=Window(...))
15.9179 	EXP 	Created polygon_4 = Polygon(autoDraw=False, autoLog=True, closeShape=True, contrast=1.0, depth=-1.0, fillColor=array([ 1.,  1.,  1.]), fillColorSpace='rgb', fillRGB=array([ 1.,  1.,  1.]), interpolate=True, lineColor=array([ 1.,  1.,  1.]), lineColorSpace='rgb', lineRGB=array([ 1.,  1.,  1.]), lineWidth=1, name='polygon_4', opacity=1.0, ori=array(0.0), pos=array([-3.,  0.]), size=array([ 2.5,  2.5]), units='cm', vertices=ndarray(...), win=Window(...))
15.9579 	EXP 	Created text = TextStim(alignHoriz='center', alignVert='center', antialias=True, autoLog=True, bold=False, color='white', colorSpace='named', contrast=1.0, depth=-3.0, flipHoriz=False, flipVert=False, font='Arial', fontFiles=[], height=0.1, italic=False, name='text', opacity=1.0, ori=0, pos=array([ 0. ,  0.3]), rgb=array([ 255.,  255.,  255.]), text=unicode(...), units=u'norm', win=Window(...), wrapWidth=1)
15.9650 	EXP 	Created polygon_6 = Polygon(autoDraw=False, autoLog=True, closeShape=True, contrast=1.0, depth=-4.0, fillColor=array([ 50.,   1.,   1.]), fillColorSpace='rgb', fillRGB=array([ 50.,   1.,   1.]), interpolate=True, lineColor=array([ 1.,  1.,  1.]), lineColorSpace='rgb', lineRGB=array([ 1.,  1.,  1.]), lineWidth=1, name='polygon_6', opacity=1.0, ori=array(0.0), pos=array([ 0.,  0.]), size=array([ 0.1,  0.1]), units='cm', vertices=ndarray(...), win=Window(...))
15.9921 	EXP 	Created text_3 = TextStim(alignHoriz='center', alignVert='center', antialias=True, autoLog=True, bold=False, color='white', colorSpace='named', contrast=1.0, depth=0.0, flipHoriz=False, flipVert=False, font='Arial', fontFiles=[], height=0.1, italic=False, name='text_3', opacity=1.0, ori=0, pos=array([ 0.,  0.]), rgb=array([ 255.,  255.,  255.]), text=unicode(...), units=u'norm', win=Window(...), wrapWidth=1)
16.0065 	EXP 	Created text_4 = TextStim(alignHoriz='center', alignVert='center', antialias=True, autoLog=True, bold=False, color='white', colorSpace='named', contrast=1.0, depth=0.0, flipHoriz=False, flipVert=False, font='Arial', fontFiles=[], height=0.1, italic=False, name='text_4', opacity=1.0, ori=0, pos=array([ 0.,  0.]), rgb=array([ 255.,  255.,  255.]), text=unicode(...), units=u'norm', win=Window(...), wrapWidth=1)
16.0882 	EXP 	text_2: autoDraw = True
16.9884 	DATA 	Keypress: space
16.9915 	EXP 	Imported set_conditions.csv as conditions, 40 conditions, 2 params
17.0828 	EXP 	Created sequence: random, trialTypes=40, nReps=40, seed=None
17.0845 	EXP 	New trial (rep=0, index=0): {'number_of_fixational_trials': 4, 'size': [2.67, 2.67]}
17.0945 	EXP 	Imported set_conditions.csv as conditions, 40 conditions, 2 params
17.0957 	EXP 	Created sequence: random, trialTypes=40, nReps=4, seed=None
17.0965 	EXP 	New trial (rep=0, index=0): {'number_of_fixational_trials': 9, 'size': [2.63, 2.63]}
17.3048 	EXP 	text_2: autoDraw = False
17.3048 	EXP 	polygon: size = array([ 2.63,  2.63])
17.3048 	EXP 	polygon_5: autoDraw = True
17.5279 	EXP 	polygon: autoDraw = True
17.5279 	EXP 	polygon_2: autoDraw = True
17.6547 	EXP 	polygon: autoDraw = False
17.6547 	EXP 	polygon_2: autoDraw = False
18.0051 	EXP 	New trial (rep=0, index=1): {'number_of_fixational_trials': 6, 'size': [2.63, 2.63]}
18.0214 	EXP 	polygon: autoDraw = False
18.0214 	EXP 	polygon_2: autoDraw = False
18.0214 	EXP 	polygon_5: autoDraw = False
18.0214 	EXP 	polygon: size = array([ 2.63,  2.63])
18.0214 	EXP 	polygon_5: autoDraw = True
18.4381 	EXP 	polygon: autoDraw = True
18.4381 	EXP 	polygon_2: autoDraw = True
18.5714 	EXP 	polygon: autoDraw = False
18.5714 	EXP 	polygon_2: autoDraw = False
19.0051 	EXP 	New trial (rep=0, index=2): {'number_of_fixational_trials': 6, 'size': [2.67, 2.67]}
19.0214 	EXP 	polygon: autoDraw = False
19.0214 	EXP 	polygon_2: autoDraw = False
19.0214 	EXP 	polygon_5: autoDraw = False
19.0214 	EXP 	polygon: size = array([ 2.67,  2.67])
19.0214 	EXP 	polygon_5: autoDraw = True
19.4381 	EXP 	polygon: autoDraw = True
19.4381 	EXP 	polygon_2: autoDraw = True
19.5714 	EXP 	polygon: autoDraw = False
19.5714 	EXP 	polygon_2: autoDraw = False
20.0051 	EXP 	New trial (rep=0, index=3): {'number_of_fixational_trials': 7, 'size': [2.67, 2.67]}
20.0214 	EXP 	polygon: autoDraw = False
20.0214 	EXP 	polygon_2: autoDraw = False
20.0214 	EXP 	polygon_5: autoDraw = False
20.0214 	EXP 	polygon: size = array([ 2.67,  2.67])
20.0214 	EXP 	polygon_5: autoDraw = True
20.4380 	EXP 	polygon: autoDraw = True
20.4380 	EXP 	polygon_2: autoDraw = True
20.5714 	EXP 	polygon: autoDraw = False
20.5714 	EXP 	polygon_2: autoDraw = False
21.0051 	EXP 	New trial (rep=0, index=4): {'number_of_fixational_trials': 7, 'size': [2.6, 2.6]}
21.0214 	EXP 	polygon: autoDraw = False
21.0214 	EXP 	polygon_2: autoDraw = False
21.0214 	EXP 	polygon_5: autoDraw = False
21.0214 	EXP 	polygon: size = array([ 2.6,  2.6])
21.0214 	EXP 	polygon_5: autoDraw = True
21.4380 	EXP 	polygon: autoDraw = True
21.4380 	EXP 	polygon_2: autoDraw = True
21.5714 	EXP 	polygon: autoDraw = False
21.5714 	EXP 	polygon_2: autoDraw = False
22.0051 	EXP 	New trial (rep=0, index=5): {'number_of_fixational_trials': 2, 'size': [2.6, 2.6]}
22.0214 	EXP 	polygon: autoDraw = False
22.0214 	EXP 	polygon_2: autoDraw = False
22.0214 	EXP 	polygon_5: autoDraw = False
22.0214 	EXP 	polygon: size = array([ 2.6,  2.6])
22.0214 	EXP 	polygon_5: autoDraw = True
22.4380 	EXP 	polygon: autoDraw = True
22.4380 	EXP 	polygon_2: autoDraw = True
22.5714 	EXP 	polygon: autoDraw = False
22.5714 	EXP 	polygon_2: autoDraw = False
23.0051 	EXP 	New trial (rep=0, index=6): {'number_of_fixational_trials': 4, 'size': [2.7, 2.7]}
23.0214 	EXP 	polygon: autoDraw = False
23.0214 	EXP 	polygon_2: autoDraw = False
23.0214 	EXP 	polygon_5: autoDraw = False
23.0214 	EXP 	polygon: size = array([ 2.7,  2.7])
23.0214 	EXP 	polygon_5: autoDraw = True
23.4380 	EXP 	polygon: autoDraw = True
23.4380 	EXP 	polygon_2: autoDraw = True
23.5713 	EXP 	polygon: autoDraw = False
23.5713 	EXP 	polygon_2: autoDraw = False
24.0050 	EXP 	New trial (rep=0, index=7): {'number_of_fixational_trials': 3, 'size': [2.6, 2.6]}
24.0213 	EXP 	polygon: autoDraw = False
24.0213 	EXP 	polygon_2: autoDraw = False
24.0213 	EXP 	polygon_5: autoDraw = False
24.0213 	EXP 	polygon: size = array([ 2.6,  2.6])
24.0213 	EXP 	polygon_5: autoDraw = True
24.4380 	EXP 	polygon: autoDraw = True
24.4380 	EXP 	polygon_2: autoDraw = True
24.5713 	EXP 	polygon: autoDraw = False
24.5713 	EXP 	polygon_2: autoDraw = False
25.0051 	EXP 	New trial (rep=0, index=8): {'number_of_fixational_trials': 3, 'size': [2.7, 2.7]}
25.0213 	EXP 	polygon: autoDraw = False
25.0213 	EXP 	polygon_2: autoDraw = False
25.0213 	EXP 	polygon_5: autoDraw = False
25.0213 	EXP 	polygon: size = array([ 2.7,  2.7])
25.0213 	EXP 	polygon_5: autoDraw = True
25.4380 	EXP 	polygon: autoDraw = True
25.4380 	EXP 	polygon_2: autoDraw = True
25.5713 	EXP 	polygon: autoDraw = False
25.5713 	EXP 	polygon_2: autoDraw = False
26.0050 	EXP 	New trial (rep=0, index=9): {'number_of_fixational_trials': 10, 'size': [2.7, 2.7]}
26.0213 	EXP 	polygon: autoDraw = False
26.0213 	EXP 	polygon_2: autoDraw = False
26.0213 	EXP 	polygon_5: autoDraw = False
26.0213 	EXP 	polygon: size = array([ 2.7,  2.7])
26.0213 	EXP 	polygon_5: autoDraw = True
26.4380 	EXP 	polygon: autoDraw = True
26.4380 	EXP 	polygon_2: autoDraw = True
26.5713 	EXP 	polygon: autoDraw = False
26.5713 	EXP 	polygon_2: autoDraw = False
27.0050 	EXP 	New trial (rep=0, index=10): {'number_of_fixational_trials': 9, 'size': [2.7, 2.7]}
27.0213 	EXP 	polygon: autoDraw = False
27.0213 	EXP 	polygon_2: autoDraw = False
27.0213 	EXP 	polygon_5: autoDraw = False
27.0213 	EXP 	polygon: size = array([ 2.7,  2.7])
27.0213 	EXP 	polygon_5: autoDraw = True
27.4380 	EXP 	polygon: autoDraw = True
27.4380 	EXP 	polygon_2: autoDraw = True
27.5713 	EXP 	polygon: autoDraw = False
27.5713 	EXP 	polygon_2: autoDraw = False
28.0050 	EXP 	New trial (rep=0, index=11): {'number_of_fixational_trials': 8, 'size': [2.7, 2.7]}
28.0213 	EXP 	polygon: autoDraw = False
28.0213 	EXP 	polygon_2: autoDraw = False
28.0213 	EXP 	polygon_5: autoDraw = False
28.0213 	EXP 	polygon: size = array([ 2.7,  2.7])
28.0213 	EXP 	polygon_5: autoDraw = True
28.4380 	EXP 	polygon: autoDraw = True
28.4380 	EXP 	polygon_2: autoDraw = True
28.5713 	EXP 	polygon: autoDraw = False
28.5713 	EXP 	polygon_2: autoDraw = False
29.0050 	EXP 	New trial (rep=0, index=12): {'number_of_fixational_trials': 2, 'size': [2.67, 2.67]}
29.0213 	EXP 	polygon: autoDraw = False
29.0213 	EXP 	polygon_2: autoDraw = False
29.0213 	EXP 	polygon_5: autoDraw = False
29.0213 	EXP 	polygon: size = array([ 2.67,  2.67])
29.0213 	EXP 	polygon_5: autoDraw = True
29.4380 	EXP 	polygon: autoDraw = True
29.4380 	EXP 	polygon_2: autoDraw = True
29.5713 	EXP 	polygon: autoDraw = False
29.5713 	EXP 	polygon_2: autoDraw = False
30.0050 	EXP 	New trial (rep=0, index=13): {'number_of_fixational_trials': 8, 'size': [2.6, 2.6]}
30.0213 	EXP 	polygon: autoDraw = False
30.0213 	EXP 	polygon_2: autoDraw = False
30.0213 	EXP 	polygon_5: autoDraw = False
30.0213 	EXP 	polygon: size = array([ 2.6,  2.6])
30.0213 	EXP 	polygon_5: autoDraw = True
30.4380 	EXP 	polygon: autoDraw = True
30.4380 	EXP 	polygon_2: autoDraw = True
30.5713 	EXP 	polygon: autoDraw = False
30.5713 	EXP 	polygon_2: autoDraw = False
31.0050 	EXP 	New trial (rep=0, index=14): {'number_of_fixational_trials': 8, 'size': [2.63, 2.63]}
31.0213 	EXP 	polygon: autoDraw = False
31.0213 	EXP 	polygon_2: autoDraw = False
31.0213 	EXP 	polygon_5: autoDraw = False
31.0213 	EXP 	polygon: size = array([ 2.63,  2.63])
31.0213 	EXP 	polygon_5: autoDraw = True
31.4380 	EXP 	polygon: autoDraw = True
31.4380 	EXP 	polygon_2: autoDraw = True
31.5713 	EXP 	polygon: autoDraw = False
31.5713 	EXP 	polygon_2: autoDraw = False
32.0050 	EXP 	New trial (rep=0, index=15): {'number_of_fixational_trials': 8, 'size': [2.67, 2.67]}
32.0213 	EXP 	polygon: autoDraw = False
32.0213 	EXP 	polygon_2: autoDraw = False
32.0213 	EXP 	polygon_5: autoDraw = False
32.0213 	EXP 	polygon: size = array([ 2.67,  2.67])
32.0213 	EXP 	polygon_5: autoDraw = True
32.4379 	EXP 	polygon: autoDraw = True
32.4379 	EXP 	polygon_2: autoDraw = True
32.5713 	EXP 	polygon: autoDraw = False
32.5713 	EXP 	polygon_2: autoDraw = False
33.0050 	EXP 	New trial (rep=0, index=16): {'number_of_fixational_trials': 7, 'size': [2.63, 2.63]}
33.0213 	EXP 	polygon: autoDraw = False
33.0213 	EXP 	polygon_2: autoDraw = False
33.0213 	EXP 	polygon_5: autoDraw = False
33.0213 	EXP 	polygon: size = array([ 2.63,  2.63])
33.0213 	EXP 	polygon_5: autoDraw = True
33.0549 	DATA 	Keypress: escape
